<?xml version="1.0" encoding="UTF-8"?>
<testsuite name="steps.CucumberRunner" tests="1" skipped="0" failures="0" errors="0" timestamp="2020-06-08T05:32:14" hostname="LAPTOP-BUCE9PJ7" time="10.678">
  <properties/>
  <testcase name="runScenario[0](&quot;feature&quot;, &quot;feature 1&quot;)" classname="steps.CucumberRunner" time="10.678"/>
  <system-out><![CDATA[]]></system-out>
  <system-err><![CDATA[Starting ChromeDriver 83.0.4103.39 (ccbf011cb2d2b19b506d844400483861342c20cd-refs/branch-heads/4103@{#416}) on port 43860
Only local connections are allowed.
Please see https://chromedriver.chromium.org/security-considerations for suggestions on keeping ChromeDriver safe.
ChromeDriver was started successfully.
июн. 08, 2020 10:32:21 AM org.openqa.selenium.remote.ProtocolHandshake createSession
INFO: Detected dialect: W3C
]]></system-err>
</testsuite>
