<?xml version="1.0" encoding="UTF-8"?>
<testsuite name="tests.TestBase" tests="3" skipped="0" failures="0" errors="0" timestamp="2020-06-08T05:32:25" hostname="LAPTOP-BUCE9PJ7" time="10.611">
  <properties/>
  <testcase name="test[0](Text1)" classname="tests.TestBase" time="8.183"/>
  <testcase name="test[0](Text2)" classname="tests.TestBase" time="8.825"/>
  <testcase name="testing" classname="tests.TestBase" time="1.783"/>
  <system-out><![CDATA[]]></system-out>
  <system-err><![CDATA[Starting ChromeDriver 83.0.4103.39 (ccbf011cb2d2b19b506d844400483861342c20cd-refs/branch-heads/4103@{#416}) on port 29602
Only local connections are allowed.
Please see https://chromedriver.chromium.org/security-considerations for suggestions on keeping ChromeDriver safe.
Starting ChromeDriver 83.0.4103.39 (ccbf011cb2d2b19b506d844400483861342c20cd-refs/branch-heads/4103@{#416}) on port 16142
Only local connections are allowed.
Please see https://chromedriver.chromium.org/security-considerations for suggestions on keeping ChromeDriver safe.
ChromeDriver was started successfully.
ChromeDriver was started successfully.
июн. 08, 2020 10:32:32 AM org.openqa.selenium.remote.ProtocolHandshake createSession
INFO: Detected dialect: W3C
июн. 08, 2020 10:32:32 AM org.openqa.selenium.remote.ProtocolHandshake createSession
INFO: Detected dialect: W3C
]]></system-err>
</testsuite>
